2026-05-03 14:48:33,450 [INFO] zsign-bot: Config loaded. Domain: https://karastorevip.netlify.app
2026-05-03 14:48:35,009 [INFO] zsign-bot: Bot started. Polling…
2026-05-03 14:48:35,476 [INFO] httpx: HTTP Request: POST https://api.telegram.org/bot8260287953:AAH6zjiYjUAobkAty7oSczA4IqOJ2a1FXm0/getMe "HTTP/1.1 200 OK"
2026-05-03 14:48:35,559 [INFO] httpx: HTTP Request: POST https://api.telegram.org/bot8260287953:AAH6zjiYjUAobkAty7oSczA4IqOJ2a1FXm0/deleteWebhook "HTTP/1.1 200 OK"
2026-05-03 14:48:35,561 [INFO] telegram.ext.Application: Application started
2026-05-03 14:48:45,806 [INFO] httpx: HTTP Request: POST https://api.telegram.org/bot8260287953:AAH6zjiYjUAobkAty7oSczA4IqOJ2a1FXm0/getUpdates "HTTP/1.1 200 OK"
2026-05-03 14:48:55,225 [INFO] httpx: HTTP Request: POST https://api.telegram.org/bot8260287953:AAH6zjiYjUAobkAty7oSczA4IqOJ2a1FXm0/getUpdates "HTTP/1.1 200 OK"
2026-05-03 14:48:55,540 [INFO] httpx: HTTP Request: POST https://api.telegram.org/bot8260287953:AAH6zjiYjUAobkAty7oSczA4IqOJ2a1FXm0/sendMessage "HTTP/1.1 200 OK"
2026-05-03 14:49:05,331 [INFO] httpx: HTTP Request: POST https://api.telegram.org/bot8260287953:AAH6zjiYjUAobkAty7oSczA4IqOJ2a1FXm0/getUpdates "HTTP/1.1 200 OK"
2026-05-03 14:49:08,602 [INFO] httpx: HTTP Request: POST https://api.telegram.org/bot8260287953:AAH6zjiYjUAobkAty7oSczA4IqOJ2a1FXm0/getUpdates "HTTP/1.1 200 OK"
2026-05-03 14:49:08,892 [INFO] httpx: HTTP Request: POST https://api.telegram.org/bot8260287953:AAH6zjiYjUAobkAty7oSczA4IqOJ2a1FXm0/sendMessage "HTTP/1.1 200 OK"
2026-05-03 14:49:10,195 [INFO] httpx: HTTP Request: POST https://api.telegram.org/bot8260287953:AAH6zjiYjUAobkAty7oSczA4IqOJ2a1FXm0/getFile "HTTP/1.1 200 OK"
2026-05-03 14:49:10,459 [INFO] httpx: HTTP Request: GET https://api.telegram.org/file/bot8260287953%3AAAH6zjiYjUAobkAty7oSczA4IqOJ2a1FXm0/documents/file_0.ipa "HTTP/1.1 200 OK"
2026-05-03 14:49:13,568 [INFO] zsign-bot: [7ba80ef8daf5] Downloaded Esign_5.0.2.ipa (16.0 MB)
2026-05-03 14:49:13,675 [INFO] httpx: HTTP Request: POST https://api.telegram.org/bot8260287953:AAH6zjiYjUAobkAty7oSczA4IqOJ2a1FXm0/editMessageText "HTTP/1.1 200 OK"
2026-05-03 14:49:13,677 [INFO] zsign-bot: Running: zsign -k certs/cert.p12 -p AppleP12.com -m certs/profile.mobileprovision -o 'public\signed\Esign_5.0.2_7ba80ef8daf5.ipa' -z 9 'tmp\7ba80ef8daf5\Esign_5.0.2.ipa'
2026-05-03 14:49:18,687 [INFO] httpx: HTTP Request: POST https://api.telegram.org/bot8260287953:AAH6zjiYjUAobkAty7oSczA4IqOJ2a1FXm0/getUpdates "HTTP/1.1 200 OK"
2026-05-03 14:49:19,440 [INFO] zsign-bot: zsign succeeded: Esign_5.0.2_7ba80ef8daf5.ipa
2026-05-03 14:49:19,733 [INFO] httpx: HTTP Request: POST https://api.telegram.org/bot8260287953:AAH6zjiYjUAobkAty7oSczA4IqOJ2a1FXm0/editMessageText "HTTP/1.1 200 OK"
2026-05-03 14:49:19,741 [INFO] zsign-bot: [7ba80ef8daf5] Plist written: public\plist\Esign_5.0.2_7ba80ef8daf5.plist
2026-05-03 14:49:19,840 [INFO] httpx: HTTP Request: POST https://api.telegram.org/bot8260287953:AAH6zjiYjUAobkAty7oSczA4IqOJ2a1FXm0/deleteMessage "HTTP/1.1 200 OK"
2026-05-03 14:49:19,958 [INFO] httpx: HTTP Request: POST https://api.telegram.org/bot8260287953:AAH6zjiYjUAobkAty7oSczA4IqOJ2a1FXm0/sendMessage "HTTP/1.1 200 OK"
2026-05-03 14:49:20,066 [INFO] httpx: HTTP Request: POST https://api.telegram.org/bot8260287953:AAH6zjiYjUAobkAty7oSczA4IqOJ2a1FXm0/sendMessage "HTTP/1.1 200 OK"
2026-05-03 14:49:28,771 [INFO] httpx: HTTP Request: POST https://api.telegram.org/bot8260287953:AAH6zjiYjUAobkAty7oSczA4IqOJ2a1FXm0/getUpdates "HTTP/1.1 200 OK"
2026-05-03 14:49:38,861 [INFO] httpx: HTTP Request: POST https://api.telegram.org/bot8260287953:AAH6zjiYjUAobkAty7oSczA4IqOJ2a1FXm0/getUpdates "HTTP/1.1 200 OK"
2026-05-03 14:49:48,949 [INFO] httpx: HTTP Request: POST https://api.telegram.org/bot8260287953:AAH6zjiYjUAobkAty7oSczA4IqOJ2a1FXm0/getUpdates "HTTP/1.1 200 OK"
2026-05-03 14:49:59,029 [INFO] httpx: HTTP Request: POST https://api.telegram.org/bot8260287953:AAH6zjiYjUAobkAty7oSczA4IqOJ2a1FXm0/getUpdates "HTTP/1.1 200 OK"
2026-05-03 14:50:09,110 [INFO] httpx: HTTP Request: POST https://api.telegram.org/bot8260287953:AAH6zjiYjUAobkAty7oSczA4IqOJ2a1FXm0/getUpdates "HTTP/1.1 200 OK"
2026-05-03 14:50:19,192 [INFO] httpx: HTTP Request: POST https://api.telegram.org/bot8260287953:AAH6zjiYjUAobkAty7oSczA4IqOJ2a1FXm0/getUpdates "HTTP/1.1 200 OK"
2026-05-03 14:50:29,275 [INFO] httpx: HTTP Request: POST https://api.telegram.org/bot8260287953:AAH6zjiYjUAobkAty7oSczA4IqOJ2a1FXm0/getUpdates "HTTP/1.1 200 OK"
2026-05-03 14:50:39,360 [INFO] httpx: HTTP Request: POST https://api.telegram.org/bot8260287953:AAH6zjiYjUAobkAty7oSczA4IqOJ2a1FXm0/getUpdates "HTTP/1.1 200 OK"
2026-05-03 14:50:49,443 [INFO] httpx: HTTP Request: POST https://api.telegram.org/bot8260287953:AAH6zjiYjUAobkAty7oSczA4IqOJ2a1FXm0/getUpdates "HTTP/1.1 200 OK"
2026-05-03 14:50:59,529 [INFO] httpx: HTTP Request: POST https://api.telegram.org/bot8260287953:AAH6zjiYjUAobkAty7oSczA4IqOJ2a1FXm0/getUpdates "HTTP/1.1 200 OK"
2026-05-03 14:51:09,609 [INFO] httpx: HTTP Request: POST https://api.telegram.org/bot8260287953:AAH6zjiYjUAobkAty7oSczA4IqOJ2a1FXm0/getUpdates "HTTP/1.1 200 OK"
2026-05-03 14:51:19,691 [INFO] httpx: HTTP Request: POST https://api.telegram.org/bot8260287953:AAH6zjiYjUAobkAty7oSczA4IqOJ2a1FXm0/getUpdates "HTTP/1.1 200 OK"
2026-05-03 14:51:29,774 [INFO] httpx: HTTP Request: POST https://api.telegram.org/bot8260287953:AAH6zjiYjUAobkAty7oSczA4IqOJ2a1FXm0/getUpdates "HTTP/1.1 200 OK"
2026-05-03 14:51:39,864 [INFO] httpx: HTTP Request: POST https://api.telegram.org/bot8260287953:AAH6zjiYjUAobkAty7oSczA4IqOJ2a1FXm0/getUpdates "HTTP/1.1 200 OK"
2026-05-03 14:51:49,951 [INFO] httpx: HTTP Request: POST https://api.telegram.org/bot8260287953:AAH6zjiYjUAobkAty7oSczA4IqOJ2a1FXm0/getUpdates "HTTP/1.1 200 OK"
2026-05-03 14:52:00,034 [INFO] httpx: HTTP Request: POST https://api.telegram.org/bot8260287953:AAH6zjiYjUAobkAty7oSczA4IqOJ2a1FXm0/getUpdates "HTTP/1.1 200 OK"
2026-05-03 14:52:10,117 [INFO] httpx: HTTP Request: POST https://api.telegram.org/bot8260287953:AAH6zjiYjUAobkAty7oSczA4IqOJ2a1FXm0/getUpdates "HTTP/1.1 200 OK"
2026-05-03 14:52:20,198 [INFO] httpx: HTTP Request: POST https://api.telegram.org/bot8260287953:AAH6zjiYjUAobkAty7oSczA4IqOJ2a1FXm0/getUpdates "HTTP/1.1 200 OK"
2026-05-03 14:52:30,280 [INFO] httpx: HTTP Request: POST https://api.telegram.org/bot8260287953:AAH6zjiYjUAobkAty7oSczA4IqOJ2a1FXm0/getUpdates "HTTP/1.1 200 OK"
2026-05-03 14:52:40,360 [INFO] httpx: HTTP Request: POST https://api.telegram.org/bot8260287953:AAH6zjiYjUAobkAty7oSczA4IqOJ2a1FXm0/getUpdates "HTTP/1.1 200 OK"
2026-05-03 14:52:50,442 [INFO] httpx: HTTP Request: POST https://api.telegram.org/bot8260287953:AAH6zjiYjUAobkAty7oSczA4IqOJ2a1FXm0/getUpdates "HTTP/1.1 200 OK"
2026-05-03 14:53:00,528 [INFO] httpx: HTTP Request: POST https://api.telegram.org/bot8260287953:AAH6zjiYjUAobkAty7oSczA4IqOJ2a1FXm0/getUpdates "HTTP/1.1 200 OK"
2026-05-03 14:53:10,611 [INFO] httpx: HTTP Request: POST https://api.telegram.org/bot8260287953:AAH6zjiYjUAobkAty7oSczA4IqOJ2a1FXm0/getUpdates "HTTP/1.1 200 OK"
2026-05-03 14:53:20,693 [INFO] httpx: HTTP Request: POST https://api.telegram.org/bot8260287953:AAH6zjiYjUAobkAty7oSczA4IqOJ2a1FXm0/getUpdates "HTTP/1.1 200 OK"
2026-05-03 14:53:30,778 [INFO] httpx: HTTP Request: POST https://api.telegram.org/bot8260287953:AAH6zjiYjUAobkAty7oSczA4IqOJ2a1FXm0/getUpdates "HTTP/1.1 200 OK"
2026-05-03 14:53:40,871 [INFO] httpx: HTTP Request: POST https://api.telegram.org/bot8260287953:AAH6zjiYjUAobkAty7oSczA4IqOJ2a1FXm0/getUpdates "HTTP/1.1 200 OK"
2026-05-03 14:53:50,957 [INFO] httpx: HTTP Request: POST https://api.telegram.org/bot8260287953:AAH6zjiYjUAobkAty7oSczA4IqOJ2a1FXm0/getUpdates "HTTP/1.1 200 OK"
2026-05-03 14:54:01,048 [INFO] httpx: HTTP Request: POST https://api.telegram.org/bot8260287953:AAH6zjiYjUAobkAty7oSczA4IqOJ2a1FXm0/getUpdates "HTTP/1.1 200 OK"
2026-05-03 14:54:11,135 [INFO] httpx: HTTP Request: POST https://api.telegram.org/bot8260287953:AAH6zjiYjUAobkAty7oSczA4IqOJ2a1FXm0/getUpdates "HTTP/1.1 200 OK"
2026-05-03 14:54:21,218 [INFO] httpx: HTTP Request: POST https://api.telegram.org/bot8260287953:AAH6zjiYjUAobkAty7oSczA4IqOJ2a1FXm0/getUpdates "HTTP/1.1 200 OK"
2026-05-03 14:54:31,307 [INFO] httpx: HTTP Request: POST https://api.telegram.org/bot8260287953:AAH6zjiYjUAobkAty7oSczA4IqOJ2a1FXm0/getUpdates "HTTP/1.1 200 OK"
2026-05-03 14:54:41,390 [INFO] httpx: HTTP Request: POST https://api.telegram.org/bot8260287953:AAH6zjiYjUAobkAty7oSczA4IqOJ2a1FXm0/getUpdates "HTTP/1.1 200 OK"
2026-05-03 14:54:51,483 [INFO] httpx: HTTP Request: POST https://api.telegram.org/bot8260287953:AAH6zjiYjUAobkAty7oSczA4IqOJ2a1FXm0/getUpdates "HTTP/1.1 200 OK"
2026-05-03 14:55:01,574 [INFO] httpx: HTTP Request: POST https://api.telegram.org/bot8260287953:AAH6zjiYjUAobkAty7oSczA4IqOJ2a1FXm0/getUpdates "HTTP/1.1 200 OK"
2026-05-03 14:55:11,659 [INFO] httpx: HTTP Request: POST https://api.telegram.org/bot8260287953:AAH6zjiYjUAobkAty7oSczA4IqOJ2a1FXm0/getUpdates "HTTP/1.1 200 OK"
2026-05-03 14:55:21,953 [INFO] httpx: HTTP Request: POST https://api.telegram.org/bot8260287953:AAH6zjiYjUAobkAty7oSczA4IqOJ2a1FXm0/getUpdates "HTTP/1.1 200 OK"
2026-05-03 14:55:32,345 [INFO] httpx: HTTP Request: POST https://api.telegram.org/bot8260287953:AAH6zjiYjUAobkAty7oSczA4IqOJ2a1FXm0/getUpdates "HTTP/1.1 200 OK"
2026-05-03 14:55:42,455 [INFO] httpx: HTTP Request: POST https://api.telegram.org/bot8260287953:AAH6zjiYjUAobkAty7oSczA4IqOJ2a1FXm0/getUpdates "HTTP/1.1 200 OK"
2026-05-03 14:55:52,540 [INFO] httpx: HTTP Request: POST https://api.telegram.org/bot8260287953:AAH6zjiYjUAobkAty7oSczA4IqOJ2a1FXm0/getUpdates "HTTP/1.1 200 OK"
2026-05-03 14:56:02,679 [INFO] httpx: HTTP Request: POST https://api.telegram.org/bot8260287953:AAH6zjiYjUAobkAty7oSczA4IqOJ2a1FXm0/getUpdates "HTTP/1.1 200 OK"
2026-05-03 14:56:12,768 [INFO] httpx: HTTP Request: POST https://api.telegram.org/bot8260287953:AAH6zjiYjUAobkAty7oSczA4IqOJ2a1FXm0/getUpdates "HTTP/1.1 200 OK"
2026-05-03 14:56:22,966 [INFO] httpx: HTTP Request: POST https://api.telegram.org/bot8260287953:AAH6zjiYjUAobkAty7oSczA4IqOJ2a1FXm0/getUpdates "HTTP/1.1 200 OK"
2026-05-03 14:56:33,154 [INFO] httpx: HTTP Request: POST https://api.telegram.org/bot8260287953:AAH6zjiYjUAobkAty7oSczA4IqOJ2a1FXm0/getUpdates "HTTP/1.1 200 OK"
2026-05-03 14:56:43,359 [INFO] httpx: HTTP Request: POST https://api.telegram.org/bot8260287953:AAH6zjiYjUAobkAty7oSczA4IqOJ2a1FXm0/getUpdates "HTTP/1.1 200 OK"
2026-05-03 14:56:50,105 [INFO] httpx: HTTP Request: POST https://api.telegram.org/bot8260287953:AAH6zjiYjUAobkAty7oSczA4IqOJ2a1FXm0/getUpdates "HTTP/1.1 200 OK"
2026-05-03 14:56:50,108 [INFO] telegram.ext.Application: Application is stopping. This might take a moment.
2026-05-03 14:56:50,109 [INFO] telegram.ext.Application: Application.stop() complete
2026-05-03 14:57:50,472 [INFO] zsign-bot: Config loaded. Domain: https://karastorevip.netlify.app
2026-05-03 14:57:51,260 [INFO] zsign-bot: Bot started. Polling…
2026-05-03 14:57:51,687 [INFO] httpx: HTTP Request: POST https://api.telegram.org/bot8260287953:AAH6zjiYjUAobkAty7oSczA4IqOJ2a1FXm0/getMe "HTTP/1.1 200 OK"
2026-05-03 14:57:51,786 [INFO] httpx: HTTP Request: POST https://api.telegram.org/bot8260287953:AAH6zjiYjUAobkAty7oSczA4IqOJ2a1FXm0/deleteWebhook "HTTP/1.1 200 OK"
2026-05-03 14:57:51,791 [INFO] telegram.ext.Application: Application started
2026-05-03 14:58:02,087 [INFO] httpx: HTTP Request: POST https://api.telegram.org/bot8260287953:AAH6zjiYjUAobkAty7oSczA4IqOJ2a1FXm0/getUpdates "HTTP/1.1 200 OK"
2026-05-03 14:58:07,254 [INFO] httpx: HTTP Request: POST https://api.telegram.org/bot8260287953:AAH6zjiYjUAobkAty7oSczA4IqOJ2a1FXm0/getUpdates "HTTP/1.1 200 OK"
2026-05-03 14:58:07,579 [INFO] httpx: HTTP Request: POST https://api.telegram.org/bot8260287953:AAH6zjiYjUAobkAty7oSczA4IqOJ2a1FXm0/sendMessage "HTTP/1.1 200 OK"
2026-05-03 14:58:07,664 [INFO] httpx: HTTP Request: POST https://api.telegram.org/bot8260287953:AAH6zjiYjUAobkAty7oSczA4IqOJ2a1FXm0/getFile "HTTP/1.1 200 OK"
2026-05-03 14:58:07,910 [INFO] httpx: HTTP Request: GET https://api.telegram.org/file/bot8260287953%3AAAH6zjiYjUAobkAty7oSczA4IqOJ2a1FXm0/documents/file_0.ipa "HTTP/1.1 200 OK"
2026-05-03 14:58:11,083 [INFO] zsign-bot: [bca770db4f76] Downloaded Esign_5.0.2.ipa (16.0 MB)
2026-05-03 14:58:11,192 [INFO] httpx: HTTP Request: POST https://api.telegram.org/bot8260287953:AAH6zjiYjUAobkAty7oSczA4IqOJ2a1FXm0/editMessageText "HTTP/1.1 200 OK"
2026-05-03 14:58:11,194 [INFO] zsign-bot: Running: zsign -k certs/cert.p12 -p AppleP12.com -m certs/profile.mobileprovision -o 'public\signed\Esign_5.0.2_bca770db4f76.ipa' -z 9 'tmp\bca770db4f76\Esign_5.0.2.ipa'
2026-05-03 14:58:16,028 [INFO] zsign-bot: zsign succeeded: Esign_5.0.2_bca770db4f76.ipa
2026-05-03 14:58:16,148 [INFO] httpx: HTTP Request: POST https://api.telegram.org/bot8260287953:AAH6zjiYjUAobkAty7oSczA4IqOJ2a1FXm0/editMessageText "HTTP/1.1 200 OK"
2026-05-03 14:58:16,150 [INFO] zsign-bot: [bca770db4f76] Plist written: public\plist\Esign_5.0.2_bca770db4f76.plist
2026-05-03 14:58:16,241 [INFO] httpx: HTTP Request: POST https://api.telegram.org/bot8260287953:AAH6zjiYjUAobkAty7oSczA4IqOJ2a1FXm0/deleteMessage "HTTP/1.1 200 OK"
2026-05-03 14:58:16,351 [INFO] httpx: HTTP Request: POST https://api.telegram.org/bot8260287953:AAH6zjiYjUAobkAty7oSczA4IqOJ2a1FXm0/sendMessage "HTTP/1.1 200 OK"
2026-05-03 14:58:16,457 [INFO] httpx: HTTP Request: POST https://api.telegram.org/bot8260287953:AAH6zjiYjUAobkAty7oSczA4IqOJ2a1FXm0/sendMessage "HTTP/1.1 200 OK"
2026-05-03 14:58:17,344 [INFO] httpx: HTTP Request: POST https://api.telegram.org/bot8260287953:AAH6zjiYjUAobkAty7oSczA4IqOJ2a1FXm0/getUpdates "HTTP/1.1 200 OK"
2026-05-03 14:58:27,424 [INFO] httpx: HTTP Request: POST https://api.telegram.org/bot8260287953:AAH6zjiYjUAobkAty7oSczA4IqOJ2a1FXm0/getUpdates "HTTP/1.1 200 OK"
2026-05-03 14:58:37,506 [INFO] httpx: HTTP Request: POST https://api.telegram.org/bot8260287953:AAH6zjiYjUAobkAty7oSczA4IqOJ2a1FXm0/getUpdates "HTTP/1.1 200 OK"
2026-05-03 14:58:47,592 [INFO] httpx: HTTP Request: POST https://api.telegram.org/bot8260287953:AAH6zjiYjUAobkAty7oSczA4IqOJ2a1FXm0/getUpdates "HTTP/1.1 200 OK"
2026-05-03 14:58:57,698 [INFO] httpx: HTTP Request: POST https://api.telegram.org/bot8260287953:AAH6zjiYjUAobkAty7oSczA4IqOJ2a1FXm0/getUpdates "HTTP/1.1 200 OK"
2026-05-03 14:59:07,779 [INFO] httpx: HTTP Request: POST https://api.telegram.org/bot8260287953:AAH6zjiYjUAobkAty7oSczA4IqOJ2a1FXm0/getUpdates "HTTP/1.1 200 OK"
2026-05-03 14:59:17,906 [INFO] httpx: HTTP Request: POST https://api.telegram.org/bot8260287953:AAH6zjiYjUAobkAty7oSczA4IqOJ2a1FXm0/getUpdates "HTTP/1.1 200 OK"
2026-05-03 14:59:27,988 [INFO] httpx: HTTP Request: POST https://api.telegram.org/bot8260287953:AAH6zjiYjUAobkAty7oSczA4IqOJ2a1FXm0/getUpdates "HTTP/1.1 200 OK"
2026-05-03 14:59:38,088 [INFO] httpx: HTTP Request: POST https://api.telegram.org/bot8260287953:AAH6zjiYjUAobkAty7oSczA4IqOJ2a1FXm0/getUpdates "HTTP/1.1 200 OK"
2026-05-03 14:59:48,178 [INFO] httpx: HTTP Request: POST https://api.telegram.org/bot8260287953:AAH6zjiYjUAobkAty7oSczA4IqOJ2a1FXm0/getUpdates "HTTP/1.1 200 OK"
2026-05-03 14:59:58,267 [INFO] httpx: HTTP Request: POST https://api.telegram.org/bot8260287953:AAH6zjiYjUAobkAty7oSczA4IqOJ2a1FXm0/getUpdates "HTTP/1.1 200 OK"
2026-05-03 15:00:08,353 [INFO] httpx: HTTP Request: POST https://api.telegram.org/bot8260287953:AAH6zjiYjUAobkAty7oSczA4IqOJ2a1FXm0/getUpdates "HTTP/1.1 200 OK"
2026-05-03 15:00:18,434 [INFO] httpx: HTTP Request: POST https://api.telegram.org/bot8260287953:AAH6zjiYjUAobkAty7oSczA4IqOJ2a1FXm0/getUpdates "HTTP/1.1 200 OK"
2026-05-03 15:00:28,564 [INFO] httpx: HTTP Request: POST https://api.telegram.org/bot8260287953:AAH6zjiYjUAobkAty7oSczA4IqOJ2a1FXm0/getUpdates "HTTP/1.1 200 OK"
2026-05-03 15:00:38,651 [INFO] httpx: HTTP Request: POST https://api.telegram.org/bot8260287953:AAH6zjiYjUAobkAty7oSczA4IqOJ2a1FXm0/getUpdates "HTTP/1.1 200 OK"
2026-05-03 15:00:43,626 [INFO] httpx: HTTP Request: POST https://api.telegram.org/bot8260287953:AAH6zjiYjUAobkAty7oSczA4IqOJ2a1FXm0/getUpdates "HTTP/1.1 200 OK"
2026-05-03 15:00:43,627 [INFO] telegram.ext.Application: Application is stopping. This might take a moment.
2026-05-03 15:00:43,627 [INFO] telegram.ext.Application: Application.stop() complete
